Command line:
   BynGray_isim_beh.exe
     -simmode  gui
     -simrunnum  0
     -socket  49555

Mon Jun 27 15:28:26 2016


 Elaboration Time: 0.109201 sec

 Current Memory Usage: 666.665 Meg

 Total Signals          : 2
 Total Nets             : 6
 Total Signal Drivers   : 1
 Total Blocks           : 2
 Total Primitive Blocks : 2
 Total Processes        : 1
 Total Traceable Variables  : 8
 Total Scalar Nets and Variables : 366
Total Line Count : 10

 Total Simulation Time: 0.109201 sec

 Current Memory Usage: 666.665 Meg

Mon Jun 27 15:28:34 2016

