Command line:
   mainGray_isim_beh.exe
     -simmode  gui
     -simrunnum  1
     -socket  49586

Mon Jun 27 15:50:03 2016


 Elaboration Time: 0.124801 sec

 Current Memory Usage: 666.665 Meg

 Total Signals          : 4
 Total Nets             : 6
 Total Signal Drivers   : 2
 Total Blocks           : 3
 Total Primitive Blocks : 2
 Total Processes        : 2
 Total Traceable Variables  : 8
 Total Scalar Nets and Variables : 366
Total Line Count : 24

 Total Simulation Time: 0.171601 sec

 Current Memory Usage: 666.665 Meg

Mon Jun 27 16:03:11 2016

